<?xml version="1.0" encoding="UTF-8"?>
<!-- Generated by org.testng.reporters.JUnitReportReporter -->
<testsuite hostname="DESKTOP-11UCV8M" failures="0" tests="1" name="tests.LogoutTest" time="3.816" errors="0" timestamp="2025-07-27T17:36:29 IST" skipped="0">
  <testcase classname="tests.LogoutTest" name="testLogout" time="3.816"/>
</testsuite> <!-- tests.LogoutTest -->
